<?xml version="1.0" encoding="UTF-8"?>
<!-- Generated by org.testng.reporters.JUnitReportReporter -->
<testsuite hostname="DESKTOP-EA7D6FA" failures="0" tests="1" name="tests.Store_Cart_Tests" time="4.568" errors="0" timestamp="2023-11-09T17:08:29 GMT" skipped="0">
  <testcase classname="tests.Store_Cart_Tests" name="Dstore_login01" time="4.568">
    <system-out>
      <![CDATA[Navigating to http://localhost/OnlineShopping-master/index.php]]>
    </system-out>
  </testcase> <!-- Dstore_login01 -->
  <system-out>
    <![CDATA[Navigating to http://localhost/OnlineShopping-master/index.php
Navigating to http://localhost/OnlineShopping-master/index.php
Navigating to http://localhost/OnlineShopping-master/index.php]]>
  </system-out>
</testsuite> <!-- tests.Store_Cart_Tests -->
